<?xml version="1.0" encoding="UTF-8"?>
<testsuite name="com.mindex.challenge.service.impl.EmployeeServiceImplTest" tests="1" skipped="0" failures="0" errors="0" timestamp="2025-03-27T05:55:50" hostname="KATSCOMPUTER" time="0.202">
  <properties/>
  <testcase name="testCreateReadUpdate" classname="com.mindex.challenge.service.impl.EmployeeServiceImplTest" time="0.202"/>
  <system-out><![CDATA[2025-03-27T01:55:49.753-04:00  INFO 19568 --- [    Test worker] t.c.s.AnnotationConfigContextLoaderUtils : Could not detect default configuration classes for test class [com.mindex.challenge.service.impl.EmployeeServiceImplTest]: EmployeeServiceImplTest does not declare any static, non-private, non-final, nested classes annotated with @Configuration.
2025-03-27T01:55:49.772-04:00  INFO 19568 --- [    Test worker] .b.t.c.SpringBootTestContextBootstrapper : Found @SpringBootConfiguration com.mindex.challenge.ChallengeApplication for test class com.mindex.challenge.service.impl.EmployeeServiceImplTest

  .   ____          _            __ _ _
 /\\ / ___'_ __ _ _(_)_ __  __ _ \ \ \ \
( ( )\___ | '_ | '_| | '_ \/ _` | \ \ \ \
 \\/  ___)| |_)| | | | | || (_| |  ) ) ) )
  '  |____| .__|_| |_|_| |_\__, | / / / /
 =========|_|==============|___/=/_/_/_/
 :: Spring Boot ::                (v3.2.3)

2025-03-27T01:55:49.796-04:00  INFO 19568 --- [    Test worker] c.m.c.s.impl.EmployeeServiceImplTest     : Starting EmployeeServiceImplTest using Java 17.0.12 with PID 19568 (started by katde in C:\Users\katde\source\repos\mindex-java-challenge)
2025-03-27T01:55:49.796-04:00 DEBUG 19568 --- [    Test worker] c.m.c.s.impl.EmployeeServiceImplTest     : Running with Spring Boot v3.2.3, Spring v6.1.4
2025-03-27T01:55:49.796-04:00  INFO 19568 --- [    Test worker] c.m.c.s.impl.EmployeeServiceImplTest     : No active profile set, falling back to 1 default profile: "default"
2025-03-27T01:55:49.952-04:00  INFO 19568 --- [    Test worker] .s.d.r.c.RepositoryConfigurationDelegate : Bootstrapping Spring Data MongoDB repositories in DEFAULT mode.
2025-03-27T01:55:49.956-04:00  INFO 19568 --- [    Test worker] .s.d.r.c.RepositoryConfigurationDelegate : Finished Spring Data repository scanning in 3 ms. Found 1 MongoDB repository interface.
2025-03-27T01:55:50.125-04:00  INFO 19568 --- [    Test worker] o.s.b.w.embedded.tomcat.TomcatWebServer  : Tomcat initialized with port 0 (http)
2025-03-27T01:55:50.132-04:00  INFO 19568 --- [    Test worker] o.apache.catalina.core.StandardService   : Starting service [Tomcat]
2025-03-27T01:55:50.132-04:00  INFO 19568 --- [    Test worker] o.apache.catalina.core.StandardEngine    : Starting Servlet engine: [Apache Tomcat/10.1.19]
2025-03-27T01:55:50.191-04:00  INFO 19568 --- [    Test worker] o.a.c.c.C.[Tomcat].[localhost].[/]       : Initializing Spring embedded WebApplicationContext
2025-03-27T01:55:50.192-04:00  INFO 19568 --- [    Test worker] w.s.c.ServletWebServerApplicationContext : Root WebApplicationContext: initialization completed in 394 ms
2025-03-27T01:55:50.304-04:00  INFO 19568 --- [    Test worker] de.bwaldvogel.mongo.MongoServer          : started MongoServer(port: 58507, ssl: false)
2025-03-27T01:55:50.308-04:00  INFO 19568 --- [    Test worker] org.mongodb.driver.client                : MongoClient with metadata {"driver": {"name": "mongo-java-driver|sync", "version": "4.11.1"}, "os": {"type": "Windows", "name": "Windows 11", "architecture": "amd64", "version": "10.0"}, "platform": "Java/Oracle Corporation/17.0.12+8-LTS-286"} created with settings MongoClientSettings{readPreference=primary, writeConcern=WriteConcern{w=null, wTimeout=null ms, journal=null}, retryWrites=true, retryReads=true, readConcern=ReadConcern{level=null}, credential=null, transportSettings=null, streamFactoryFactory=null, commandListeners=[], codecRegistry=ProvidersCodecRegistry{codecProviders=[ValueCodecProvider{}, BsonValueCodecProvider{}, DBRefCodecProvider{}, DBObjectCodecProvider{}, DocumentCodecProvider{}, CollectionCodecProvider{}, IterableCodecProvider{}, MapCodecProvider{}, GeoJsonCodecProvider{}, GridFSFileCodecProvider{}, Jsr310CodecProvider{}, JsonObjectCodecProvider{}, BsonCodecProvider{}, EnumCodecProvider{}, com.mongodb.client.model.mql.ExpressionCodecProvider@78b7f805, com.mongodb.Jep395RecordCodecProvider@58f2466c, com.mongodb.KotlinCodecProvider@5809fa26]}, loggerSettings=LoggerSettings{maxDocumentLength=1000}, clusterSettings={hosts=[kubernetes.docker.internal:58507], srvServiceName=mongodb, mode=SINGLE, requiredClusterType=UNKNOWN, requiredReplicaSetName='null', serverSelector='null', clusterListeners='[]', serverSelectionTimeout='30000 ms', localThreshold='15 ms'}, socketSettings=SocketSettings{connectTimeoutMS=10000, readTimeoutMS=0, receiveBufferSize=0, proxySettings=ProxySettings{host=null, port=null, username=null, password=null}}, heartbeatSocketSettings=SocketSettings{connectTimeoutMS=10000, readTimeoutMS=10000, receiveBufferSize=0, proxySettings=ProxySettings{host=null, port=null, username=null, password=null}}, connectionPoolSettings=ConnectionPoolSettings{maxSize=100, minSize=0, maxWaitTimeMS=120000, maxConnectionLifeTimeMS=0, maxConnectionIdleTimeMS=0, maintenanceInitialDelayMS=0, maintenanceFrequencyMS=60000, connectionPoolListeners=[], maxConnecting=2}, serverSettings=ServerSettings{heartbeatFrequencyMS=10000, minHeartbeatFrequencyMS=500, serverListeners='[]', serverMonitorListeners='[]'}, sslSettings=SslSettings{enabled=false, invalidHostNameAllowed=false, context=null}, applicationName='null', compressorList=[], uuidRepresentation=UNSPECIFIED, serverApi=null, autoEncryptionSettings=null, dnsClient=null, inetAddressResolver=null, contextProvider=null}
2025-03-27T01:55:50.309-04:00  INFO 19568 --- [-server-worker1] d.b.mongo.wire.MongoWireProtocolHandler  : client [id: 0xddfc049b, L:/127.0.0.1:58507 - R:/127.0.0.1:58509] connected
2025-03-27T01:55:50.310-04:00  INFO 19568 --- [-server-worker2] d.b.mongo.wire.MongoWireProtocolHandler  : client [id: 0x5f615ae5, L:/127.0.0.1:58507 - R:/127.0.0.1:58508] connected
2025-03-27T01:55:50.314-04:00  INFO 19568 --- [.internal:58507] org.mongodb.driver.cluster               : Monitor thread successfully connected to server with description ServerDescription{address=kubernetes.docker.internal:58507, type=STANDALONE, state=CONNECTED, ok=true, minWireVersion=0, maxWireVersion=6, maxDocumentSize=16777216, logicalSessionTimeoutMinutes=null, roundTripTimeNanos=5156400}
2025-03-27T01:55:50.354-04:00  INFO 19568 --- [-server-worker3] d.b.mongo.wire.MongoWireProtocolHandler  : client [id: 0x82766e16, L:/127.0.0.1:58507 - R:/127.0.0.1:58510] connected
2025-03-27T01:55:50.359-04:00  INFO 19568 --- [-server-worker3] d.b.mongo.backend.AbstractMongoBackend   : created database test
2025-03-27T01:55:50.359-04:00  INFO 19568 --- [-server-worker3] d.b.mongo.backend.AbstractMongoDatabase  : adding unique _id index for collection employee
2025-03-27T01:55:50.360-04:00  INFO 19568 --- [-server-worker3] d.b.mongo.backend.AbstractMongoDatabase  : created collection test.employee
2025-03-27T01:55:50.507-04:00  INFO 19568 --- [    Test worker] o.s.b.w.embedded.tomcat.TomcatWebServer  : Tomcat started on port 58511 (http) with context path ''
2025-03-27T01:55:50.511-04:00  INFO 19568 --- [    Test worker] c.m.c.s.impl.EmployeeServiceImplTest     : Started EmployeeServiceImplTest in 0.736 seconds (process running for 5.712)
2025-03-27T01:55:50.629-04:00  INFO 19568 --- [o-auto-1-exec-1] o.a.c.c.C.[Tomcat].[localhost].[/]       : Initializing Spring DispatcherServlet 'dispatcherServlet'
2025-03-27T01:55:50.629-04:00  INFO 19568 --- [o-auto-1-exec-1] o.s.web.servlet.DispatcherServlet        : Initializing Servlet 'dispatcherServlet'
2025-03-27T01:55:50.630-04:00  INFO 19568 --- [o-auto-1-exec-1] o.s.web.servlet.DispatcherServlet        : Completed initialization in 1 ms
2025-03-27T01:55:50.665-04:00 DEBUG 19568 --- [o-auto-1-exec-1] c.m.c.controller.EmployeeController      : Received employee create request for [com.mindex.challenge.data.Employee@6a6df067]
2025-03-27T01:55:50.666-04:00 DEBUG 19568 --- [o-auto-1-exec-1] c.m.c.service.impl.EmployeeServiceImpl   : Creating employee [com.mindex.challenge.data.Employee@6a6df067]
2025-03-27T01:55:50.684-04:00 DEBUG 19568 --- [o-auto-1-exec-3] c.m.c.controller.EmployeeController      : Received employee create request for id [1706b64f-e65a-4be3-8b59-5ee28616dcd9]
2025-03-27T01:55:50.684-04:00 DEBUG 19568 --- [o-auto-1-exec-3] c.m.c.service.impl.EmployeeServiceImpl   : Creating employee with id [1706b64f-e65a-4be3-8b59-5ee28616dcd9]
2025-03-27T01:55:50.692-04:00 DEBUG 19568 --- [o-auto-1-exec-2] c.m.c.controller.EmployeeController      : Received employee create request for id [1706b64f-e65a-4be3-8b59-5ee28616dcd9] and employee [com.mindex.challenge.data.Employee@6f533503]
2025-03-27T01:55:50.693-04:00 DEBUG 19568 --- [o-auto-1-exec-2] c.m.c.service.impl.EmployeeServiceImpl   : Updating employee [com.mindex.challenge.data.Employee@6f533503]
2025-03-27T01:55:50.699-04:00 DEBUG 19568 --- [o-auto-1-exec-4] c.m.c.controller.EmployeeController      : Received employee create request for id [16a596ae-edd3-4847-99fe-c4518e82c86f]
2025-03-27T01:55:50.699-04:00 DEBUG 19568 --- [o-auto-1-exec-4] c.m.c.service.impl.EmployeeServiceImpl   : Creating employee with id [16a596ae-edd3-4847-99fe-c4518e82c86f]
2025-03-27T01:55:50.707-04:00 DEBUG 19568 --- [o-auto-1-exec-5] c.m.c.controller.EmployeeController      : Received request for report under User [16a596ae-edd3-4847-99fe-c4518e82c86f]
2025-03-27T01:55:50.707-04:00 DEBUG 19568 --- [o-auto-1-exec-5] c.m.c.service.impl.EmployeeServiceImpl   : Creating employee with id [16a596ae-edd3-4847-99fe-c4518e82c86f]
2025-03-27T01:55:50.710-04:00 DEBUG 19568 --- [o-auto-1-exec-5] c.m.c.service.impl.EmployeeServiceImpl   : Creating employee with id [b7839309-3348-463b-a7e3-5de1c168beb3]
2025-03-27T01:55:50.712-04:00 DEBUG 19568 --- [o-auto-1-exec-5] c.m.c.service.impl.EmployeeServiceImpl   : Creating employee with id [03aa1462-ffa9-4978-901b-7c001562cf6f]
2025-03-27T01:55:50.714-04:00 DEBUG 19568 --- [o-auto-1-exec-5] c.m.c.controller.EmployeeController      : User [16a596ae-edd3-4847-99fe-c4518e82c86f] has [4] reports.
]]></system-out>
  <system-err><![CDATA[]]></system-err>
</testsuite>
