<?xml version="1.0" encoding="UTF-8"?>
<testsuite name="com.mindex.challenge.service.impl.CompensationServiceImplTest" tests="1" skipped="0" failures="0" errors="0" timestamp="2025-03-27T18:03:42" hostname="KATSCOMPUTER" time="0.342">
  <properties/>
  <testcase name="testCreateRead" classname="com.mindex.challenge.service.impl.CompensationServiceImplTest" time="0.342"/>
  <system-out><![CDATA[2025-03-27T14:03:40.885-04:00  INFO 21336 --- [    Test worker] t.c.s.AnnotationConfigContextLoaderUtils : Could not detect default configuration classes for test class [com.mindex.challenge.service.impl.CompensationServiceImplTest]: CompensationServiceImplTest does not declare any static, non-private, non-final, nested classes annotated with @Configuration.
2025-03-27T14:03:40.909-04:00  INFO 21336 --- [    Test worker] .b.t.c.SpringBootTestContextBootstrapper : Found @SpringBootConfiguration com.mindex.challenge.ChallengeApplication for test class com.mindex.challenge.service.impl.CompensationServiceImplTest

  .   ____          _            __ _ _
 /\\ / ___'_ __ _ _(_)_ __  __ _ \ \ \ \
( ( )\___ | '_ | '_| | '_ \/ _` | \ \ \ \
 \\/  ___)| |_)| | | | | || (_| |  ) ) ) )
  '  |____| .__|_| |_|_| |_\__, | / / / /
 =========|_|==============|___/=/_/_/_/
 :: Spring Boot ::                (v3.2.3)

2025-03-27T14:03:40.961-04:00  INFO 21336 --- [    Test worker] c.m.c.s.i.CompensationServiceImplTest    : Starting CompensationServiceImplTest using Java 17.0.12 with PID 21336 (started by katde in C:\Users\katde\source\repos\mindex-java-challenge)
2025-03-27T14:03:40.961-04:00 DEBUG 21336 --- [    Test worker] c.m.c.s.i.CompensationServiceImplTest    : Running with Spring Boot v3.2.3, Spring v6.1.4
2025-03-27T14:03:40.961-04:00  INFO 21336 --- [    Test worker] c.m.c.s.i.CompensationServiceImplTest    : No active profile set, falling back to 1 default profile: "default"
2025-03-27T14:03:41.136-04:00  INFO 21336 --- [    Test worker] .s.d.r.c.RepositoryConfigurationDelegate : Bootstrapping Spring Data MongoDB repositories in DEFAULT mode.
2025-03-27T14:03:41.145-04:00  INFO 21336 --- [    Test worker] .s.d.r.c.RepositoryConfigurationDelegate : Finished Spring Data repository scanning in 7 ms. Found 2 MongoDB repository interfaces.
2025-03-27T14:03:41.463-04:00  INFO 21336 --- [    Test worker] o.s.b.w.embedded.tomcat.TomcatWebServer  : Tomcat initialized with port 0 (http)
2025-03-27T14:03:41.481-04:00  INFO 21336 --- [    Test worker] o.apache.catalina.core.StandardService   : Starting service [Tomcat]
2025-03-27T14:03:41.482-04:00  INFO 21336 --- [    Test worker] o.apache.catalina.core.StandardEngine    : Starting Servlet engine: [Apache Tomcat/10.1.19]
2025-03-27T14:03:41.565-04:00  INFO 21336 --- [    Test worker] o.a.c.c.C.[Tomcat].[localhost].[/]       : Initializing Spring embedded WebApplicationContext
2025-03-27T14:03:41.568-04:00  INFO 21336 --- [    Test worker] w.s.c.ServletWebServerApplicationContext : Root WebApplicationContext: initialization completed in 605 ms
2025-03-27T14:03:41.737-04:00  INFO 21336 --- [    Test worker] de.bwaldvogel.mongo.MongoServer          : started MongoServer(port: 65527, ssl: false)
2025-03-27T14:03:41.743-04:00  INFO 21336 --- [    Test worker] org.mongodb.driver.client                : MongoClient with metadata {"driver": {"name": "mongo-java-driver|sync", "version": "4.11.1"}, "os": {"type": "Windows", "name": "Windows 11", "architecture": "amd64", "version": "10.0"}, "platform": "Java/Oracle Corporation/17.0.12+8-LTS-286"} created with settings MongoClientSettings{readPreference=primary, writeConcern=WriteConcern{w=null, wTimeout=null ms, journal=null}, retryWrites=true, retryReads=true, readConcern=ReadConcern{level=null}, credential=null, transportSettings=null, streamFactoryFactory=null, commandListeners=[], codecRegistry=ProvidersCodecRegistry{codecProviders=[ValueCodecProvider{}, BsonValueCodecProvider{}, DBRefCodecProvider{}, DBObjectCodecProvider{}, DocumentCodecProvider{}, CollectionCodecProvider{}, IterableCodecProvider{}, MapCodecProvider{}, GeoJsonCodecProvider{}, GridFSFileCodecProvider{}, Jsr310CodecProvider{}, JsonObjectCodecProvider{}, BsonCodecProvider{}, EnumCodecProvider{}, com.mongodb.client.model.mql.ExpressionCodecProvider@69cd7630, com.mongodb.Jep395RecordCodecProvider@7e8279e5, com.mongodb.KotlinCodecProvider@2b53840a]}, loggerSettings=LoggerSettings{maxDocumentLength=1000}, clusterSettings={hosts=[kubernetes.docker.internal:65527], srvServiceName=mongodb, mode=SINGLE, requiredClusterType=UNKNOWN, requiredReplicaSetName='null', serverSelector='null', clusterListeners='[]', serverSelectionTimeout='30000 ms', localThreshold='15 ms'}, socketSettings=SocketSettings{connectTimeoutMS=10000, readTimeoutMS=0, receiveBufferSize=0, proxySettings=ProxySettings{host=null, port=null, username=null, password=null}}, heartbeatSocketSettings=SocketSettings{connectTimeoutMS=10000, readTimeoutMS=10000, receiveBufferSize=0, proxySettings=ProxySettings{host=null, port=null, username=null, password=null}}, connectionPoolSettings=ConnectionPoolSettings{maxSize=100, minSize=0, maxWaitTimeMS=120000, maxConnectionLifeTimeMS=0, maxConnectionIdleTimeMS=0, maintenanceInitialDelayMS=0, maintenanceFrequencyMS=60000, connectionPoolListeners=[], maxConnecting=2}, serverSettings=ServerSettings{heartbeatFrequencyMS=10000, minHeartbeatFrequencyMS=500, serverListeners='[]', serverMonitorListeners='[]'}, sslSettings=SslSettings{enabled=false, invalidHostNameAllowed=false, context=null}, applicationName='null', compressorList=[], uuidRepresentation=UNSPECIFIED, serverApi=null, autoEncryptionSettings=null, dnsClient=null, inetAddressResolver=null, contextProvider=null}
2025-03-27T14:03:41.746-04:00  INFO 21336 --- [-server-worker1] d.b.mongo.wire.MongoWireProtocolHandler  : client [id: 0x8e35717e, L:/127.0.0.1:65527 - R:/127.0.0.1:65528] connected
2025-03-27T14:03:41.746-04:00  INFO 21336 --- [-server-worker2] d.b.mongo.wire.MongoWireProtocolHandler  : client [id: 0x9306f593, L:/127.0.0.1:65527 - R:/127.0.0.1:65529] connected
2025-03-27T14:03:41.754-04:00  INFO 21336 --- [.internal:65527] org.mongodb.driver.cluster               : Monitor thread successfully connected to server with description ServerDescription{address=kubernetes.docker.internal:65527, type=STANDALONE, state=CONNECTED, ok=true, minWireVersion=0, maxWireVersion=6, maxDocumentSize=16777216, logicalSessionTimeoutMinutes=null, roundTripTimeNanos=8261000}
2025-03-27T14:03:41.870-04:00  INFO 21336 --- [-server-worker3] d.b.mongo.wire.MongoWireProtocolHandler  : client [id: 0x3b916c4b, L:/127.0.0.1:65527 - R:/127.0.0.1:65530] connected
2025-03-27T14:03:41.876-04:00  INFO 21336 --- [-server-worker3] d.b.mongo.backend.AbstractMongoBackend   : created database test
2025-03-27T14:03:41.876-04:00  INFO 21336 --- [-server-worker3] d.b.mongo.backend.AbstractMongoDatabase  : adding unique _id index for collection employee
2025-03-27T14:03:41.877-04:00  INFO 21336 --- [-server-worker3] d.b.mongo.backend.AbstractMongoDatabase  : created collection test.employee
2025-03-27T14:03:42.060-04:00  INFO 21336 --- [    Test worker] o.s.b.w.embedded.tomcat.TomcatWebServer  : Tomcat started on port 65531 (http) with context path ''
2025-03-27T14:03:42.068-04:00  INFO 21336 --- [    Test worker] c.m.c.s.i.CompensationServiceImplTest    : Started CompensationServiceImplTest in 1.159 seconds (process running for 7.771)
2025-03-27T14:03:42.290-04:00  INFO 21336 --- [o-auto-1-exec-1] o.a.c.c.C.[Tomcat].[localhost].[/]       : Initializing Spring DispatcherServlet 'dispatcherServlet'
2025-03-27T14:03:42.290-04:00  INFO 21336 --- [o-auto-1-exec-1] o.s.web.servlet.DispatcherServlet        : Initializing Servlet 'dispatcherServlet'
2025-03-27T14:03:42.301-04:00  INFO 21336 --- [o-auto-1-exec-1] o.s.web.servlet.DispatcherServlet        : Completed initialization in 0 ms
2025-03-27T14:03:42.349-04:00 DEBUG 21336 --- [o-auto-1-exec-1] c.m.c.controller.CompensationController  : Received compensation create request for [com.mindex.challenge.data.Compensation@6995c358]
2025-03-27T14:03:42.349-04:00 DEBUG 21336 --- [o-auto-1-exec-1] c.m.c.s.impl.CompensationServiceImpl     : Creating compensation [com.mindex.challenge.data.Compensation@6995c358] for employee [16a596ae-edd3-4847-99fe-c4518e82c86f]
2025-03-27T14:03:42.369-04:00  INFO 21336 --- [-server-worker3] d.b.mongo.backend.AbstractMongoDatabase  : adding unique _id index for collection compensation
2025-03-27T14:03:42.369-04:00  INFO 21336 --- [-server-worker3] d.b.mongo.backend.AbstractMongoDatabase  : created collection test.compensation
2025-03-27T14:03:42.394-04:00 DEBUG 21336 --- [o-auto-1-exec-2] c.m.c.controller.CompensationController  : Received employee create request for id [16a596ae-edd3-4847-99fe-c4518e82c86f]
2025-03-27T14:03:42.394-04:00 DEBUG 21336 --- [o-auto-1-exec-2] c.m.c.s.impl.CompensationServiceImpl     : Creating compensation for employee [16a596ae-edd3-4847-99fe-c4518e82c86f]
]]></system-out>
  <system-err><![CDATA[]]></system-err>
</testsuite>
