<?xml version="1.0" encoding="UTF-8"?>
<testsuite name="com.mindex.challenge.service.impl.EmployeeServiceImplTest" tests="1" skipped="0" failures="0" errors="0" timestamp="2025-03-26T01:50:42" hostname="KATSCOMPUTER" time="0.174">
  <properties/>
  <testcase name="testCreateReadUpdate" classname="com.mindex.challenge.service.impl.EmployeeServiceImplTest" time="0.174"/>
  <system-out><![CDATA[2025-03-25T21:50:42.330-04:00  INFO 1576 --- [    Test worker] t.c.s.AnnotationConfigContextLoaderUtils : Could not detect default configuration classes for test class [com.mindex.challenge.service.impl.EmployeeServiceImplTest]: EmployeeServiceImplTest does not declare any static, non-private, non-final, nested classes annotated with @Configuration.
2025-03-25T21:50:42.340-04:00  INFO 1576 --- [    Test worker] .b.t.c.SpringBootTestContextBootstrapper : Found @SpringBootConfiguration com.mindex.challenge.ChallengeApplication for test class com.mindex.challenge.service.impl.EmployeeServiceImplTest

  .   ____          _            __ _ _
 /\\ / ___'_ __ _ _(_)_ __  __ _ \ \ \ \
( ( )\___ | '_ | '_| | '_ \/ _` | \ \ \ \
 \\/  ___)| |_)| | | | | || (_| |  ) ) ) )
  '  |____| .__|_| |_|_| |_\__, | / / / /
 =========|_|==============|___/=/_/_/_/
 :: Spring Boot ::                (v3.2.3)

2025-03-25T21:50:42.364-04:00  INFO 1576 --- [    Test worker] c.m.c.s.impl.EmployeeServiceImplTest     : Starting EmployeeServiceImplTest using Java 17.0.12 with PID 1576 (started by katde in C:\Users\katde\source\repos\mindex-java-challenge)
2025-03-25T21:50:42.364-04:00 DEBUG 1576 --- [    Test worker] c.m.c.s.impl.EmployeeServiceImplTest     : Running with Spring Boot v3.2.3, Spring v6.1.4
2025-03-25T21:50:42.364-04:00  INFO 1576 --- [    Test worker] c.m.c.s.impl.EmployeeServiceImplTest     : No active profile set, falling back to 1 default profile: "default"
2025-03-25T21:50:42.459-04:00  INFO 1576 --- [    Test worker] .s.d.r.c.RepositoryConfigurationDelegate : Bootstrapping Spring Data MongoDB repositories in DEFAULT mode.
2025-03-25T21:50:42.463-04:00  INFO 1576 --- [    Test worker] .s.d.r.c.RepositoryConfigurationDelegate : Finished Spring Data repository scanning in 4 ms. Found 1 MongoDB repository interface.
2025-03-25T21:50:42.602-04:00  INFO 1576 --- [    Test worker] o.s.b.w.embedded.tomcat.TomcatWebServer  : Tomcat initialized with port 0 (http)
2025-03-25T21:50:42.611-04:00  INFO 1576 --- [    Test worker] o.apache.catalina.core.StandardService   : Starting service [Tomcat]
2025-03-25T21:50:42.612-04:00  INFO 1576 --- [    Test worker] o.apache.catalina.core.StandardEngine    : Starting Servlet engine: [Apache Tomcat/10.1.19]
2025-03-25T21:50:42.671-04:00  INFO 1576 --- [    Test worker] o.a.c.c.C.[Tomcat].[localhost].[/]       : Initializing Spring embedded WebApplicationContext
2025-03-25T21:50:42.672-04:00  INFO 1576 --- [    Test worker] w.s.c.ServletWebServerApplicationContext : Root WebApplicationContext: initialization completed in 305 ms
2025-03-25T21:50:42.776-04:00  INFO 1576 --- [    Test worker] de.bwaldvogel.mongo.MongoServer          : started MongoServer(port: 62724, ssl: false)
2025-03-25T21:50:42.779-04:00  INFO 1576 --- [    Test worker] org.mongodb.driver.client                : MongoClient with metadata {"driver": {"name": "mongo-java-driver|sync", "version": "4.11.1"}, "os": {"type": "Windows", "name": "Windows 11", "architecture": "amd64", "version": "10.0"}, "platform": "Java/Oracle Corporation/17.0.12+8-LTS-286"} created with settings MongoClientSettings{readPreference=primary, writeConcern=WriteConcern{w=null, wTimeout=null ms, journal=null}, retryWrites=true, retryReads=true, readConcern=ReadConcern{level=null}, credential=null, transportSettings=null, streamFactoryFactory=null, commandListeners=[], codecRegistry=ProvidersCodecRegistry{codecProviders=[ValueCodecProvider{}, BsonValueCodecProvider{}, DBRefCodecProvider{}, DBObjectCodecProvider{}, DocumentCodecProvider{}, CollectionCodecProvider{}, IterableCodecProvider{}, MapCodecProvider{}, GeoJsonCodecProvider{}, GridFSFileCodecProvider{}, Jsr310CodecProvider{}, JsonObjectCodecProvider{}, BsonCodecProvider{}, EnumCodecProvider{}, com.mongodb.client.model.mql.ExpressionCodecProvider@3e546734, com.mongodb.Jep395RecordCodecProvider@53747c4a, com.mongodb.KotlinCodecProvider@64b0d1fa]}, loggerSettings=LoggerSettings{maxDocumentLength=1000}, clusterSettings={hosts=[kubernetes.docker.internal:62724], srvServiceName=mongodb, mode=SINGLE, requiredClusterType=UNKNOWN, requiredReplicaSetName='null', serverSelector='null', clusterListeners='[]', serverSelectionTimeout='30000 ms', localThreshold='15 ms'}, socketSettings=SocketSettings{connectTimeoutMS=10000, readTimeoutMS=0, receiveBufferSize=0, proxySettings=ProxySettings{host=null, port=null, username=null, password=null}}, heartbeatSocketSettings=SocketSettings{connectTimeoutMS=10000, readTimeoutMS=10000, receiveBufferSize=0, proxySettings=ProxySettings{host=null, port=null, username=null, password=null}}, connectionPoolSettings=ConnectionPoolSettings{maxSize=100, minSize=0, maxWaitTimeMS=120000, maxConnectionLifeTimeMS=0, maxConnectionIdleTimeMS=0, maintenanceInitialDelayMS=0, maintenanceFrequencyMS=60000, connectionPoolListeners=[], maxConnecting=2}, serverSettings=ServerSettings{heartbeatFrequencyMS=10000, minHeartbeatFrequencyMS=500, serverListeners='[]', serverMonitorListeners='[]'}, sslSettings=SslSettings{enabled=false, invalidHostNameAllowed=false, context=null}, applicationName='null', compressorList=[], uuidRepresentation=UNSPECIFIED, serverApi=null, autoEncryptionSettings=null, dnsClient=null, inetAddressResolver=null, contextProvider=null}
2025-03-25T21:50:42.780-04:00  INFO 1576 --- [-server-worker1] d.b.mongo.wire.MongoWireProtocolHandler  : client [id: 0xf0f03981, L:/127.0.0.1:62724 - R:/127.0.0.1:62725] connected
2025-03-25T21:50:42.781-04:00  INFO 1576 --- [-server-worker2] d.b.mongo.wire.MongoWireProtocolHandler  : client [id: 0x2e7899bc, L:/127.0.0.1:62724 - R:/127.0.0.1:62726] connected
2025-03-25T21:50:42.785-04:00  INFO 1576 --- [.internal:62724] org.mongodb.driver.cluster               : Monitor thread successfully connected to server with description ServerDescription{address=kubernetes.docker.internal:62724, type=STANDALONE, state=CONNECTED, ok=true, minWireVersion=0, maxWireVersion=6, maxDocumentSize=16777216, logicalSessionTimeoutMinutes=null, roundTripTimeNanos=4439300}
2025-03-25T21:50:42.829-04:00  INFO 1576 --- [-server-worker3] d.b.mongo.wire.MongoWireProtocolHandler  : client [id: 0xb2c67b02, L:/127.0.0.1:62724 - R:/127.0.0.1:62727] connected
2025-03-25T21:50:42.833-04:00  INFO 1576 --- [-server-worker3] d.b.mongo.backend.AbstractMongoBackend   : created database test
2025-03-25T21:50:42.833-04:00  INFO 1576 --- [-server-worker3] d.b.mongo.backend.AbstractMongoDatabase  : adding unique _id index for collection employee
2025-03-25T21:50:42.833-04:00  INFO 1576 --- [-server-worker3] d.b.mongo.backend.AbstractMongoDatabase  : created collection test.employee
2025-03-25T21:50:42.953-04:00  INFO 1576 --- [    Test worker] o.s.b.w.embedded.tomcat.TomcatWebServer  : Tomcat started on port 62728 (http) with context path ''
2025-03-25T21:50:42.958-04:00  INFO 1576 --- [    Test worker] c.m.c.s.impl.EmployeeServiceImplTest     : Started EmployeeServiceImplTest in 0.616 seconds (process running for 5.247)
2025-03-25T21:50:43.071-04:00  INFO 1576 --- [o-auto-1-exec-1] o.a.c.c.C.[Tomcat].[localhost].[/]       : Initializing Spring DispatcherServlet 'dispatcherServlet'
2025-03-25T21:50:43.071-04:00  INFO 1576 --- [o-auto-1-exec-1] o.s.web.servlet.DispatcherServlet        : Initializing Servlet 'dispatcherServlet'
2025-03-25T21:50:43.072-04:00  INFO 1576 --- [o-auto-1-exec-1] o.s.web.servlet.DispatcherServlet        : Completed initialization in 0 ms
2025-03-25T21:50:43.100-04:00 DEBUG 1576 --- [o-auto-1-exec-1] c.m.c.controller.EmployeeController      : Received employee create request for [com.mindex.challenge.data.Employee@363a683b]
2025-03-25T21:50:43.100-04:00 DEBUG 1576 --- [o-auto-1-exec-1] c.m.c.service.impl.EmployeeServiceImpl   : Creating employee [com.mindex.challenge.data.Employee@363a683b]
2025-03-25T21:50:43.120-04:00 DEBUG 1576 --- [o-auto-1-exec-2] c.m.c.controller.EmployeeController      : Received employee create request for id [07c56de2-3057-4f9e-b5a4-34872f5d801e]
2025-03-25T21:50:43.121-04:00 DEBUG 1576 --- [o-auto-1-exec-2] c.m.c.service.impl.EmployeeServiceImpl   : Creating employee with id [07c56de2-3057-4f9e-b5a4-34872f5d801e]
2025-03-25T21:50:43.129-04:00 DEBUG 1576 --- [o-auto-1-exec-3] c.m.c.controller.EmployeeController      : Received employee create request for id [07c56de2-3057-4f9e-b5a4-34872f5d801e] and employee [com.mindex.challenge.data.Employee@4be5b31e]
2025-03-25T21:50:43.130-04:00 DEBUG 1576 --- [o-auto-1-exec-3] c.m.c.service.impl.EmployeeServiceImpl   : Updating employee [com.mindex.challenge.data.Employee@4be5b31e]
]]></system-out>
  <system-err><![CDATA[]]></system-err>
</testsuite>
