<?xml version="1.0" encoding="UTF-8"?>
<testsuite name="com.mindex.challenge.ChallengeApplicationTests" tests="1" skipped="0" failures="0" errors="0" timestamp="2025-03-27T05:55:48" hostname="KATSCOMPUTER" time="0.792">
  <properties/>
  <testcase name="contextLoads" classname="com.mindex.challenge.ChallengeApplicationTests" time="0.792"/>
  <system-out><![CDATA[01:55:45.673 [Test worker] INFO org.springframework.test.context.support.AnnotationConfigContextLoaderUtils -- Could not detect default configuration classes for test class [com.mindex.challenge.ChallengeApplicationTests]: ChallengeApplicationTests does not declare any static, non-private, non-final, nested classes annotated with @Configuration.
01:55:45.791 [Test worker] INFO org.springframework.boot.test.context.SpringBootTestContextBootstrapper -- Found @SpringBootConfiguration com.mindex.challenge.ChallengeApplication for test class com.mindex.challenge.ChallengeApplicationTests

  .   ____          _            __ _ _
 /\\ / ___'_ __ _ _(_)_ __  __ _ \ \ \ \
( ( )\___ | '_ | '_| | '_ \/ _` | \ \ \ \
 \\/  ___)| |_)| | | | | || (_| |  ) ) ) )
  '  |____| .__|_| |_|_| |_\__, | / / / /
 =========|_|==============|___/=/_/_/_/
 :: Spring Boot ::                (v3.2.3)

2025-03-27T01:55:46.269-04:00  INFO 19568 --- [    Test worker] c.m.challenge.ChallengeApplicationTests  : Starting ChallengeApplicationTests using Java 17.0.12 with PID 19568 (started by katde in C:\Users\katde\source\repos\mindex-java-challenge)
2025-03-27T01:55:46.270-04:00 DEBUG 19568 --- [    Test worker] c.m.challenge.ChallengeApplicationTests  : Running with Spring Boot v3.2.3, Spring v6.1.4
2025-03-27T01:55:46.270-04:00  INFO 19568 --- [    Test worker] c.m.challenge.ChallengeApplicationTests  : No active profile set, falling back to 1 default profile: "default"
2025-03-27T01:55:46.710-04:00  INFO 19568 --- [    Test worker] .s.d.r.c.RepositoryConfigurationDelegate : Bootstrapping Spring Data MongoDB repositories in DEFAULT mode.
2025-03-27T01:55:46.741-04:00  INFO 19568 --- [    Test worker] .s.d.r.c.RepositoryConfigurationDelegate : Finished Spring Data repository scanning in 27 ms. Found 1 MongoDB repository interface.
2025-03-27T01:55:47.370-04:00  INFO 19568 --- [    Test worker] de.bwaldvogel.mongo.MongoServer          : started MongoServer(port: 58502, ssl: false)
2025-03-27T01:55:47.485-04:00  INFO 19568 --- [    Test worker] org.mongodb.driver.client                : MongoClient with metadata {"driver": {"name": "mongo-java-driver|sync", "version": "4.11.1"}, "os": {"type": "Windows", "name": "Windows 11", "architecture": "amd64", "version": "10.0"}, "platform": "Java/Oracle Corporation/17.0.12+8-LTS-286"} created with settings MongoClientSettings{readPreference=primary, writeConcern=WriteConcern{w=null, wTimeout=null ms, journal=null}, retryWrites=true, retryReads=true, readConcern=ReadConcern{level=null}, credential=null, transportSettings=null, streamFactoryFactory=null, commandListeners=[], codecRegistry=ProvidersCodecRegistry{codecProviders=[ValueCodecProvider{}, BsonValueCodecProvider{}, DBRefCodecProvider{}, DBObjectCodecProvider{}, DocumentCodecProvider{}, CollectionCodecProvider{}, IterableCodecProvider{}, MapCodecProvider{}, GeoJsonCodecProvider{}, GridFSFileCodecProvider{}, Jsr310CodecProvider{}, JsonObjectCodecProvider{}, BsonCodecProvider{}, EnumCodecProvider{}, com.mongodb.client.model.mql.ExpressionCodecProvider@78b7f805, com.mongodb.Jep395RecordCodecProvider@58f2466c, com.mongodb.KotlinCodecProvider@5809fa26]}, loggerSettings=LoggerSettings{maxDocumentLength=1000}, clusterSettings={hosts=[kubernetes.docker.internal:58502], srvServiceName=mongodb, mode=SINGLE, requiredClusterType=UNKNOWN, requiredReplicaSetName='null', serverSelector='null', clusterListeners='[]', serverSelectionTimeout='30000 ms', localThreshold='15 ms'}, socketSettings=SocketSettings{connectTimeoutMS=10000, readTimeoutMS=0, receiveBufferSize=0, proxySettings=ProxySettings{host=null, port=null, username=null, password=null}}, heartbeatSocketSettings=SocketSettings{connectTimeoutMS=10000, readTimeoutMS=10000, receiveBufferSize=0, proxySettings=ProxySettings{host=null, port=null, username=null, password=null}}, connectionPoolSettings=ConnectionPoolSettings{maxSize=100, minSize=0, maxWaitTimeMS=120000, maxConnectionLifeTimeMS=0, maxConnectionIdleTimeMS=0, maintenanceInitialDelayMS=0, maintenanceFrequencyMS=60000, connectionPoolListeners=[], maxConnecting=2}, serverSettings=ServerSettings{heartbeatFrequencyMS=10000, minHeartbeatFrequencyMS=500, serverListeners='[]', serverMonitorListeners='[]'}, sslSettings=SslSettings{enabled=false, invalidHostNameAllowed=false, context=null}, applicationName='null', compressorList=[], uuidRepresentation=UNSPECIFIED, serverApi=null, autoEncryptionSettings=null, dnsClient=null, inetAddressResolver=null, contextProvider=null}
2025-03-27T01:55:47.492-04:00  INFO 19568 --- [-server-worker2] d.b.mongo.wire.MongoWireProtocolHandler  : client [id: 0x9a8979d4, L:/127.0.0.1:58502 - R:/127.0.0.1:58504] connected
2025-03-27T01:55:47.492-04:00  INFO 19568 --- [-server-worker1] d.b.mongo.wire.MongoWireProtocolHandler  : client [id: 0x08a2ad6b, L:/127.0.0.1:58502 - R:/127.0.0.1:58503] connected
2025-03-27T01:55:47.574-04:00  INFO 19568 --- [.internal:58502] org.mongodb.driver.cluster               : Monitor thread successfully connected to server with description ServerDescription{address=kubernetes.docker.internal:58502, type=STANDALONE, state=CONNECTED, ok=true, minWireVersion=0, maxWireVersion=6, maxDocumentSize=16777216, logicalSessionTimeoutMinutes=null, roundTripTimeNanos=95671400}
2025-03-27T01:55:48.063-04:00  INFO 19568 --- [-server-worker3] d.b.mongo.wire.MongoWireProtocolHandler  : client [id: 0xa909b32e, L:/127.0.0.1:58502 - R:/127.0.0.1:58505] connected
2025-03-27T01:55:48.116-04:00  INFO 19568 --- [-server-worker3] d.b.mongo.backend.AbstractMongoBackend   : created database test
2025-03-27T01:55:48.121-04:00  INFO 19568 --- [-server-worker3] d.b.mongo.backend.AbstractMongoDatabase  : adding unique _id index for collection employee
2025-03-27T01:55:48.127-04:00  INFO 19568 --- [-server-worker3] d.b.mongo.backend.AbstractMongoDatabase  : created collection test.employee
2025-03-27T01:55:48.840-04:00  INFO 19568 --- [    Test worker] c.m.challenge.ChallengeApplicationTests  : Started ChallengeApplicationTests in 2.862 seconds (process running for 4.04)
]]></system-out>
  <system-err><![CDATA[]]></system-err>
</testsuite>
